0 verbose cli /usr/bin/node /usr/bin/npm
1 info using npm@10.8.2
2 info using node@v20.19.6
3 silly config load:file:/usr/lib/node_modules/npm/npmrc
4 silly config load:file:/app/.npmrc
5 silly config load:file:/usr/etc/npmrc
6 verbose title npm test
7 verbose argv "test"
8 verbose logfile logs-max:10 dir:/app/.npm/_logs/2026-01-12T23_23_23_276Z-
9 verbose logfile /app/.npm/_logs/2026-01-12T23_23_23_276Z-debug-0.log
10 silly logfile done cleaning log files
11 verbose stack Error: Could not read package.json: Error: ENOENT: no such file or directory, open '/app/package.json'
11 verbose stack     at async open (node:internal/fs/promises:639:25)
11 verbose stack     at async readFile (node:internal/fs/promises:1246:14)
11 verbose stack     at async read (/usr/lib/node_modules/npm/node_modules/@npmcli/package-json/lib/read-package.js:9:18)
11 verbose stack     at async PackageJson.load (/usr/lib/node_modules/npm/node_modules/@npmcli/package-json/lib/index.js:130:31)
11 verbose stack     at async PackageJson.normalize (/usr/lib/node_modules/npm/node_modules/@npmcli/package-json/lib/index.js:116:5)
11 verbose stack     at async #run (/usr/lib/node_modules/npm/lib/commands/run-script.js:85:13)
11 verbose stack     at async RunScript.exec (/usr/lib/node_modules/npm/lib/commands/run-script.js:39:7)
11 verbose stack     at async Npm.exec (/usr/lib/node_modules/npm/lib/npm.js:207:9)
11 verbose stack     at async module.exports (/usr/lib/node_modules/npm/lib/cli/entry.js:74:5)
12 error code ENOENT
13 error syscall open
14 error path /app/package.json
15 error errno -2
16 error enoent Could not read package.json: Error: ENOENT: no such file or directory, open '/app/package.json'
17 error enoent This is related to npm not being able to find a file.
17 error enoent
18 verbose cwd /app
19 verbose os Linux 6.6.105+
20 verbose node v20.19.6
21 verbose npm  v10.8.2
22 verbose exit -2
23 verbose code -2
24 error A complete log of this run can be found in: /app/.npm/_logs/2026-01-12T23_23_23_276Z-debug-0.log
